c:\users\user\desktop\it-step\dsp_project\specprog\specprog\debug\vc142.pdb
c:\users\user\desktop\it-step\dsp_project\specprog\specprog\debug\vc142.idb
c:\users\user\desktop\it-step\dsp_project\specprog\specprog\debug\specprog.obj
c:\users\user\desktop\it-step\dsp_project\specprog\specprog\debug\showwind.obj
c:\users\user\desktop\it-step\dsp_project\specprog\specprog\debug\radiobutton.obj
c:\users\user\desktop\it-step\dsp_project\specprog\specprog\debug\polyline.obj
c:\users\user\desktop\it-step\dsp_project\specprog\specprog\debug\label.obj
c:\users\user\desktop\it-step\dsp_project\specprog\specprog\debug\grid.obj
c:\users\user\desktop\it-step\dsp_project\specprog\specprog\debug\digitalapp.obj
c:\users\user\desktop\it-step\dsp_project\specprog\specprog\debug\ctrlpan.obj
c:\users\user\desktop\it-step\dsp_project\specprog\specprog\debug\button.obj
c:\users\user\desktop\it-step\dsp_project\specprog\specprog\debug\specprog.ilk
c:\users\user\desktop\it-step\dsp_project\specprog\debug\specprog.exe
c:\users\user\desktop\it-step\dsp_project\specprog\debug\specprog.pdb
c:\users\user\desktop\it-step\dsp_project\specprog\specprog\debug\specprog.tlog\cl.command.1.tlog
c:\users\user\desktop\it-step\dsp_project\specprog\specprog\debug\specprog.tlog\cl.read.1.tlog
c:\users\user\desktop\it-step\dsp_project\specprog\specprog\debug\specprog.tlog\cl.write.1.tlog
c:\users\user\desktop\it-step\dsp_project\specprog\specprog\debug\specprog.tlog\link.command.1.tlog
c:\users\user\desktop\it-step\dsp_project\specprog\specprog\debug\specprog.tlog\link.read.1.tlog
c:\users\user\desktop\it-step\dsp_project\specprog\specprog\debug\specprog.tlog\link.write.1.tlog
